{"ts": "2026-03-25T23:01:49.016957+00:00", "level": "INFO", "logger": "crawl.engine", "msg": "Resumed 11375 leads from data/enriched/checkpoint_guesser.csv"}
{"ts": "2026-03-25T23:01:49.017469+00:00", "level": "INFO", "logger": "pipeline.metrics", "msg": "Stage started: enrichment", "phase": "enrichment", "run_id": "20260325_230148"}
{"ts": "2026-03-25T23:01:49.017670+00:00", "level": "INFO", "logger": "crawl.engine", "msg": "Starting enrichment pipeline", "phase": "enrichment"}

============================================================
  ENRICHMENT PIPELINE
============================================================

  11375 person-level leads remaining
{"ts": "2026-03-25T23:01:49.337148+00:00", "level": "INFO", "logger": "enrichment.dedup", "msg": "  \ud83d\udccb Loaded dedup index: 22244 entries"}
{"ts": "2026-03-25T23:01:51.142174+00:00", "level": "INFO", "logger": "enrichment.dedup", "msg": "  \ud83d\udcbe Saved dedup index: 22244 entries"}
{"ts": "2026-03-25T23:01:51.142640+00:00", "level": "INFO", "logger": "enrichment.dedup", "msg": "Dedup: 0 new, 11375 merged, 68 duplicates removed. Index total: 22244 unique leads"}
  💾  Saved 11307 leads → data/enriched/checkpoint_dedup.csv
{"ts": "2026-03-25T23:01:52.630079+00:00", "level": "INFO", "logger": "crawl.engine", "msg": "[PROGRESS] phase=dedup total_leads=11307 with_email=10626 verified=0 target=150000 completion=7%", "phase": "dedup", "lead_count": 11307, "run_id": "20260325_230148", "email_count": 10626}
  Validating 11307 emails (+ MX check)...
  Pre-existing emails (scraped from pages): 10384
  💾  Saved 11307 leads → data/enriched/checkpoint_validation.csv
{"ts": "2026-03-25T23:02:38.859708+00:00", "level": "INFO", "logger": "crawl.engine", "msg": "[PROGRESS] phase=validation total_leads=11307 with_email=10384 verified=0 target=150000 completion=6%", "phase": "validation", "lead_count": 11307, "run_id": "20260325_230148", "email_count": 10384}
  Guessing emails for contacts without one...
{"ts": "2026-03-25T23:02:39.319818+00:00", "level": "INFO", "logger": "enrichment.email_guesser", "msg": "  \u2709\ufe0f  Email guesser: 923 leads without email (of 11307 total)"}
{"ts": "2026-03-25T23:02:39.319997+00:00", "level": "INFO", "logger": "enrichment.email_guesser", "msg": "  \ud83d\udd11  Patterns learned for 694 domains"}
{"ts": "2026-03-25T23:02:39.383671+00:00", "level": "INFO", "logger": "enrichment.email_guesser", "msg": "  \u2709\ufe0f  Email guesser complete: 240/923 emails generated (240 from learned patterns, 0 patterns discovered via SMTP, 0 from default pattern, 0 domains had no MX, 683 company names skipped)"}
  Guesser: 0 found / 0 domains checked
  Pattern hits: 240 (from learned patterns)
  Company/fund names skipped: 683
  TOTAL emails: 10624/11307 (93%)
  💾  Saved 11307 leads → data/enriched/checkpoint_guesser.csv
{"ts": "2026-03-25T23:02:40.480637+00:00", "level": "INFO", "logger": "crawl.engine", "msg": "[PROGRESS] phase=guesser total_leads=11307 with_email=10624 verified=0 target=150000 completion=7%", "phase": "guesser", "lead_count": 11307, "run_id": "20260325_230148", "email_count": 10624}
/Users/neil/crawler-26-public/enrichment/page_extractors.py:357: XMLParsedAsHTMLWarning: It looks like you're using an HTML parser to parse an XML document.

Assuming this really is an XML document, what you're doing might work, but you should know that using an XML parser will be more reliable. To parse this document as XML, make sure you have the Python package 'lxml' installed, and pass the keyword argument `features="xml"` into the BeautifulSoup constructor.

If you want or need to use an HTML parser on this document, you can make this warning go away by filtering it. To do that, run this code before calling the BeautifulSoup constructor:

    from bs4 import XMLParsedAsHTMLWarning
    import warnings

    warnings.filterwarnings("ignore", category=XMLParsedAsHTMLWarning)

  soup = BeautifulSoup(html, "html.parser")
/Users/neil/crawler-26-public/enrichment/page_extractors.py:833: XMLParsedAsHTMLWarning: It looks like you're using an HTML parser to parse an XML document.

Assuming this really is an XML document, what you're doing might work, but you should know that using an XML parser will be more reliable. To parse this document as XML, make sure you have the Python package 'lxml' installed, and pass the keyword argument `features="xml"` into the BeautifulSoup constructor.

If you want or need to use an HTML parser on this document, you can make this warning go away by filtering it. To do that, run this code before calling the BeautifulSoup constructor:

    from bs4 import XMLParsedAsHTMLWarning
    import warnings

    warnings.filterwarnings("ignore", category=XMLParsedAsHTMLWarning)

  soup = BeautifulSoup(html, "html.parser")
/Users/neil/crawler-26-public/enrichment/page_extractors.py:757: XMLParsedAsHTMLWarning: It looks like you're using an HTML parser to parse an XML document.

Assuming this really is an XML document, what you're doing might work, but you should know that using an XML parser will be more reliable. To parse this document as XML, make sure you have the Python package 'lxml' installed, and pass the keyword argument `features="xml"` into the BeautifulSoup constructor.

If you want or need to use an HTML parser on this document, you can make this warning go away by filtering it. To do that, run this code before calling the BeautifulSoup constructor:

    from bs4 import XMLParsedAsHTMLWarning
    import warnings

    warnings.filterwarnings("ignore", category=XMLParsedAsHTMLWarning)

  soup = BeautifulSoup(html, "html.parser")
/Users/neil/crawler-26-public/enrichment/page_extractors.py:561: XMLParsedAsHTMLWarning: It looks like you're using an HTML parser to parse an XML document.

Assuming this really is an XML document, what you're doing might work, but you should know that using an XML parser will be more reliable. To parse this document as XML, make sure you have the Python package 'lxml' installed, and pass the keyword argument `features="xml"` into the BeautifulSoup constructor.

If you want or need to use an HTML parser on this document, you can make this warning go away by filtering it. To do that, run this code before calling the BeautifulSoup constructor:

    from bs4 import XMLParsedAsHTMLWarning
    import warnings

    warnings.filterwarnings("ignore", category=XMLParsedAsHTMLWarning)

  soup = BeautifulSoup(html, "html.parser")
/Users/neil/crawler-26-public/enrichment/page_extractors.py:248: XMLParsedAsHTMLWarning: It looks like you're using an HTML parser to parse an XML document.

Assuming this really is an XML document, what you're doing might work, but you should know that using an XML parser will be more reliable. To parse this document as XML, make sure you have the Python package 'lxml' installed, and pass the keyword argument `features="xml"` into the BeautifulSoup constructor.

If you want or need to use an HTML parser on this document, you can make this warning go away by filtering it. To do that, run this code before calling the BeautifulSoup constructor:

    from bs4 import XMLParsedAsHTMLWarning
    import warnings

    warnings.filterwarnings("ignore", category=XMLParsedAsHTMLWarning)

  soup = BeautifulSoup(html, "html.parser")
  Greyhat enrichment skipped (--skip-greyhat)
  Running fund intelligence enrichment...
  Fund intelligence: 732 unique domains to enrich
  Fund intelligence complete: 574 domains, 11260 portfolio cos, 1786 decision makers, 124 active inferred
  💾  Saved 11307 leads → data/enriched/checkpoint_fund_intel.csv
{"ts": "2026-03-25T23:17:27.443889+00:00", "level": "INFO", "logger": "crawl.engine", "msg": "[PROGRESS] phase=fund_intel total_leads=11307 with_email=10624 verified=0 target=150000 completion=7%", "phase": "fund_intel", "lead_count": 11307, "run_id": "20260325_230148", "email_count": 10624}
  SMTP verification on 10624 emails...
{"ts": "2026-03-25T23:17:27.459125+00:00", "level": "INFO", "logger": "enrichment.email_validator", "msg": "SMTP self-test: testing direct connection to gmail-smtp-in.l.google.com:25"}
{"ts": "2026-03-25T23:17:37.617108+00:00", "level": "INFO", "logger": "enrichment.email_validator", "msg": "SMTP self-test: port 25 EHLO OK on gmail-smtp-in.l.google.com"}
  📬  SMTP progress: 100/10624 emails checked...
  📬  SMTP progress: 200/10624 emails checked...
  📬  SMTP progress: 300/10624 emails checked...
  📬  SMTP progress: 400/10624 emails checked...
  📬  SMTP progress: 500/10624 emails checked...
  📬  SMTP progress: 600/10624 emails checked...
  📬  SMTP progress: 700/10624 emails checked...
  📬  SMTP progress: 800/10624 emails checked...
  📬  SMTP progress: 900/10624 emails checked...
  📬  SMTP progress: 1000/10624 emails checked...
  📬  SMTP progress: 1100/10624 emails checked...
  📬  SMTP progress: 1200/10624 emails checked...
  📬  SMTP progress: 1300/10624 emails checked...
  📬  SMTP progress: 1400/10624 emails checked...
  📬  SMTP progress: 1500/10624 emails checked...
  📬  SMTP progress: 1600/10624 emails checked...
  📬  SMTP progress: 1700/10624 emails checked...
  📬  SMTP progress: 1800/10624 emails checked...
  📬  SMTP progress: 1900/10624 emails checked...
  📬  SMTP progress: 2000/10624 emails checked...
  📬  SMTP progress: 2100/10624 emails checked...
  📬  SMTP progress: 2200/10624 emails checked...
  📬  SMTP progress: 2300/10624 emails checked...
  📬  SMTP progress: 2400/10624 emails checked...
  📬  SMTP progress: 2500/10624 emails checked...
  📬  SMTP progress: 2600/10624 emails checked...
  📬  SMTP progress: 2700/10624 emails checked...
  📬  SMTP progress: 2800/10624 emails checked...
  📬  SMTP progress: 2900/10624 emails checked...
  📬  SMTP progress: 3000/10624 emails checked...
  📬  SMTP progress: 3100/10624 emails checked...
  📬  SMTP progress: 3200/10624 emails checked...
  📬  SMTP progress: 3300/10624 emails checked...
  📬  SMTP progress: 3400/10624 emails checked...
  📬  SMTP progress: 3500/10624 emails checked...
  📬  SMTP progress: 3600/10624 emails checked...
  📬  SMTP progress: 3700/10624 emails checked...
  📬  SMTP progress: 3800/10624 emails checked...
  📬  SMTP progress: 3900/10624 emails checked...
  📬  SMTP progress: 4000/10624 emails checked...
  📬  SMTP progress: 4100/10624 emails checked...
  📬  SMTP progress: 4200/10624 emails checked...
  📬  SMTP progress: 4300/10624 emails checked...
  📬  SMTP progress: 4400/10624 emails checked...
  📬  SMTP progress: 4500/10624 emails checked...
  📬  SMTP progress: 4600/10624 emails checked...
  📬  SMTP progress: 4700/10624 emails checked...
  📬  SMTP progress: 4800/10624 emails checked...
  📬  SMTP progress: 4900/10624 emails checked...
  📬  SMTP progress: 5000/10624 emails checked...
  📬  SMTP progress: 5100/10624 emails checked...
  📬  SMTP progress: 5200/10624 emails checked...
  📬  SMTP progress: 5300/10624 emails checked...
  📬  SMTP progress: 5400/10624 emails checked...
  📬  SMTP progress: 5500/10624 emails checked...
  📬  SMTP progress: 5600/10624 emails checked...
  📬  SMTP progress: 5700/10624 emails checked...
  📬  SMTP progress: 5800/10624 emails checked...
  📬  SMTP progress: 5900/10624 emails checked...
  📬  SMTP progress: 6000/10624 emails checked...
  📬  SMTP progress: 6100/10624 emails checked...
  📬  SMTP progress: 6200/10624 emails checked...
  📬  SMTP progress: 6300/10624 emails checked...
  📬  SMTP progress: 6400/10624 emails checked...
  📬  SMTP progress: 6500/10624 emails checked...
  📬  SMTP progress: 6600/10624 emails checked...
  📬  SMTP progress: 6700/10624 emails checked...
  📬  SMTP progress: 6800/10624 emails checked...
  📬  SMTP progress: 6900/10624 emails checked...
  📬  SMTP progress: 7000/10624 emails checked...
  📬  SMTP progress: 7100/10624 emails checked...
  📬  SMTP progress: 7200/10624 emails checked...
  📬  SMTP progress: 7300/10624 emails checked...
  📬  SMTP progress: 7400/10624 emails checked...
  📬  SMTP progress: 7500/10624 emails checked...
  📬  SMTP progress: 7600/10624 emails checked...
  📬  SMTP progress: 7700/10624 emails checked...
  📬  SMTP progress: 7800/10624 emails checked...
  📬  SMTP progress: 7900/10624 emails checked...
  📬  SMTP progress: 8000/10624 emails checked...
  📬  SMTP progress: 8100/10624 emails checked...
  📬  SMTP progress: 8200/10624 emails checked...
  📬  SMTP progress: 8300/10624 emails checked...
  📬  SMTP progress: 8400/10624 emails checked...
  📬  SMTP progress: 8500/10624 emails checked...
  📬  SMTP progress: 8600/10624 emails checked...
  📬  SMTP progress: 8700/10624 emails checked...
  📬  SMTP progress: 8800/10624 emails checked...
  📬  SMTP progress: 8900/10624 emails checked...
  📬  SMTP progress: 9000/10624 emails checked...
  📬  SMTP progress: 9100/10624 emails checked...
  📬  SMTP progress: 9200/10624 emails checked...
  📬  SMTP progress: 9300/10624 emails checked...
  📬  SMTP progress: 9400/10624 emails checked...
  📬  SMTP progress: 9500/10624 emails checked...
  📬  SMTP progress: 9600/10624 emails checked...
  📬  SMTP progress: 9700/10624 emails checked...
  📬  SMTP progress: 9800/10624 emails checked...
  📬  SMTP progress: 9900/10624 emails checked...
  📬  SMTP progress: 10000/10624 emails checked...
  📬  SMTP progress: 10100/10624 emails checked...
  📬  SMTP progress: 10200/10624 emails checked...
  📬  SMTP progress: 10300/10624 emails checked...
  📬  SMTP progress: 10400/10624 emails checked...
  📬  SMTP progress: 10500/10624 emails checked...
  📬  SMTP progress: 10600/10624 emails checked...
  📬  SMTP batch complete: 10624/10624 emails checked
  SMTP summary: 1084 verified, 7040 undeliverable, 1222 catch-all, 1278 unknown
  💾  Saved 11307 leads → data/enriched/checkpoint_smtp.csv
{"ts": "2026-03-26T02:40:24.074155+00:00", "level": "INFO", "logger": "crawl.engine", "msg": "[PROGRESS] phase=smtp total_leads=11307 with_email=10624 verified=1084 target=150000 completion=7%", "phase": "smtp", "lead_count": 11307, "run_id": "20260325_230148", "email_count": 10624}
{"ts": "2026-03-26T02:40:24.077690+00:00", "level": "INFO", "logger": "enrichment.email_waterfall", "msg": "  \u26a0\ufe0f  No email waterfall providers configured (set API keys via env vars)"}
  Email waterfall skipped (no API keys configured)
  Scoring leads...
  🆕  2580 new leads detected (delta from master)

  Writing output...
  🛡️  Backed up master CSV → investor_leads_master_BACKUP_11307.csv
  📂  Loaded 17720 existing leads from master CSV
  🆕  7806 new leads merged (total: 25526)
  💾  Saved 25526 leads → data/enriched/investor_leads_master.csv
  💾  Saved 25526 leads → data/enriched/leads_20260325_224027.csv
{"ts": "2026-03-26T02:40:29.784112+00:00", "level": "INFO", "logger": "pipeline.metrics", "msg": "Stage completed: enrichment in 13120.7s (leads=11307, errors=0)", "phase": "enrichment", "duration_s": 13120.68, "lead_count": 11307, "error_count": 0, "run_id": "20260325_230148"}

============================================================
  CRAWL SUMMARY
============================================================
  Run ID:    20260325_230148
  Duration:  0.0s
  Total leads: 11307
  Errors:    0
  Stages:    enrichment

  EMAIL QUALITY BREAKDOWN:
       Verified:      1084
       Catch-all:     1222
       Scraped:       1044
       Guessed:       236
       Undeliverable: 7040
       Unknown:       681
       ---
       USABLE (verified+catch_all+scraped): 3350
       TARGET: 150,000 | Progress: 2%

  Avg score: 47.7
  HOT leads: 20
  WARM leads: 1477
  Fingerprints used: 0
  Proxy requests: 0
  DB persistence: 0 added, 0 deduped (DB=unavailable)

  TOP 5 LEADS:
  __________________________________________________
  🔴 HOT  Arpan Punyani (Garudaventures)
       Email: arpan.punyani@garudaventures.com | Focus: devtools, enterprise
       Check: $500K–$1.5M | Score: 98

  🔴 HOT  Rishi Taparia (Garudaventures)
       Email: rishi.taparia@garudaventures.com | Focus: devtools, enterprise
       Check: $500K–$1.5M | Score: 98

  🔴 HOT  James Richards (Garudaventures)
       Email: james.richards@garudaventures.com | Focus: devtools, enterprise
       Check: $500K–$1.5M | Score: 91

  🔴 HOT  Tom Peterson (Socialleverage)
       Email: tom@socialleverage.com | Focus: gaming, mobility
       Check: N/A | Score: 84

  🔴 HOT  Gary Benitt (Socialleverage)
       Email: gary@socialleverage.com | Focus: gaming, mobility
       Check: N/A | Score: 84

{"ts": "2026-03-26T02:40:29.873702+00:00", "level": "INFO", "logger": "crawl.engine", "msg": "[PROGRESS] phase=final total_leads=11307 with_email=10624 verified=1084 target=150000 completion=7%", "phase": "final", "lead_count": 11307, "run_id": "20260325_230148", "email_count": 10624}
{"ts": "2026-03-26T02:40:29.873875+00:00", "level": "INFO", "logger": "crawl.engine", "msg": "Pipeline run complete", "duration_s": 0.0, "lead_count": 11307, "error_count": 0, "run_id": "20260325_230148"}
